BabyShow/build/intermediates/manifest_merge_blame_file/release/manifest-merger-blame-release-report.txt
1<?xml version="1.0" encoding="utf-8"?>
2<manifest xmlns:android="http://schemas.android.com/apk/res/android"
3    package="com.yyqq.babyshow"
4    android:versionCode="102"
5    android:versionName="9.0.2" >
6
7    <uses-sdk
8        android:minSdkVersion="19"
8-->babyshow-android/BabyShow/AndroidManifest.xml
9        android:targetSdkVersion="26" />
9-->babyshow-android/BabyShow/AndroidManifest.xml
10
11    <uses-permission android:name="android.permission.WRITE_EXTERNAL_STORAGE" />
11-->babyshow-android/BabyShow/AndroidManifest.xml:6:5-81
11-->babyshow-android/BabyShow/AndroidManifest.xml:6:22-78
12    <uses-permission android:name="android.permission.INTERNET" />
12-->babyshow-android/BabyShow/AndroidManifest.xml:7:5-67
12-->babyshow-android/BabyShow/AndroidManifest.xml:7:22-64
13    <uses-permission android:name="android.permission.ACCESS_NETWORK_STATE" />
13-->babyshow-android/BabyShow/AndroidManifest.xml:8:5-79
13-->babyshow-android/BabyShow/AndroidManifest.xml:8:22-76
14
15    <!-- GPS定位 -->
16    <uses-permission android:name="android.permission.ACCESS_FINE_LOCATION" />
16-->babyshow-android/BabyShow/AndroidManifest.xml:11:5-79
16-->babyshow-android/BabyShow/AndroidManifest.xml:11:22-76
17    <uses-permission android:name="android.permission.ACCESS_COARSE_LOCATION" />
17-->babyshow-android/BabyShow/AndroidManifest.xml:12:5-81
17-->babyshow-android/BabyShow/AndroidManifest.xml:12:22-78
18    <!-- 连接互联网Internet权限 -->
19    <uses-permission android:name="android.permission.INTERNET" />
19-->babyshow-android/BabyShow/AndroidManifest.xml:7:5-67
19-->babyshow-android/BabyShow/AndroidManifest.xml:7:22-64
20    <uses-permission android:name="android.permission.VIBRATE" />
20-->babyshow-android/BabyShow/AndroidManifest.xml:15:5-66
20-->babyshow-android/BabyShow/AndroidManifest.xml:15:22-63
21    <uses-permission android:name="android.permission.ACCESS_NETWORK_STATE" />
21-->babyshow-android/BabyShow/AndroidManifest.xml:8:5-79
21-->babyshow-android/BabyShow/AndroidManifest.xml:8:22-76
22    <uses-permission android:name="android.permission.WRITE_EXTERNAL_STORAGE" />
22-->babyshow-android/BabyShow/AndroidManifest.xml:6:5-81
22-->babyshow-android/BabyShow/AndroidManifest.xml:6:22-78
23    <uses-permission android:name="android.permission.MOUNT_UNMOUNT_FILESYSTEMS" />
23-->babyshow-android/BabyShow/AndroidManifest.xml:18:5-20:47
23-->babyshow-android/BabyShow/AndroidManifest.xml:19:9-68
24    <uses-permission android:name="android.permission.ACCESS_WIFI_STATE" />
24-->babyshow-android/BabyShow/AndroidManifest.xml:21:5-76
24-->babyshow-android/BabyShow/AndroidManifest.xml:21:22-73
25    <uses-permission android:name="android.permission.CHANGE_WIFI_STATE" />
25-->babyshow-android/BabyShow/AndroidManifest.xml:22:5-76
25-->babyshow-android/BabyShow/AndroidManifest.xml:22:22-73
26    <uses-permission android:name="android.permission.READ_PHONE_STATE" />
26-->babyshow-android/BabyShow/AndroidManifest.xml:23:5-75
26-->babyshow-android/BabyShow/AndroidManifest.xml:23:22-72
27    <uses-permission android:name="android.permission.RECEIVE_BOOT_COMPLETED" />
27-->babyshow-android/BabyShow/AndroidManifest.xml:24:5-81
27-->babyshow-android/BabyShow/AndroidManifest.xml:24:22-78
28    <uses-permission android:name="android.permission.REORDER_TASKS" />
28-->babyshow-android/BabyShow/AndroidManifest.xml:25:5-72
28-->babyshow-android/BabyShow/AndroidManifest.xml:25:22-69
29    <uses-permission android:name="android.permission.Activity.NOTIFICATION_SERVICE" />
29-->babyshow-android/BabyShow/AndroidManifest.xml:26:5-88
29-->babyshow-android/BabyShow/AndroidManifest.xml:26:22-85
30    <uses-permission android:name="android.permission.READ_LOGS" />
30-->babyshow-android/BabyShow/AndroidManifest.xml:27:5-29:47
30-->babyshow-android/BabyShow/AndroidManifest.xml:28:9-52
31    <uses-permission android:name="android.permission.SYSTEM_ALERT_WINDOW" />
31-->babyshow-android/BabyShow/AndroidManifest.xml:30:5-78
31-->babyshow-android/BabyShow/AndroidManifest.xml:30:22-75
32    <uses-permission android:name="android.permission.SYSTEM_OVERLAY_WINDOW" />
32-->babyshow-android/BabyShow/AndroidManifest.xml:31:5-80
32-->babyshow-android/BabyShow/AndroidManifest.xml:31:22-77
33    <uses-permission android:name="android.permission.GET_TASKS" />
33-->babyshow-android/BabyShow/AndroidManifest.xml:32:5-68
33-->babyshow-android/BabyShow/AndroidManifest.xml:32:22-65
34    <uses-permission android:name="android.permission.INTERACT_ACROSS_USERS_FULL" />
34-->babyshow-android/BabyShow/AndroidManifest.xml:33:5-35:47
34-->babyshow-android/BabyShow/AndroidManifest.xml:34:9-69
35    <uses-permission android:name="android.permission.READ_CONTACTS" />
35-->babyshow-android/BabyShow/AndroidManifest.xml:36:5-72
35-->babyshow-android/BabyShow/AndroidManifest.xml:36:22-69
36    <uses-permission android:name="android.permission.WRITE_CONTACTS" />
36-->babyshow-android/BabyShow/AndroidManifest.xml:37:5-73
36-->babyshow-android/BabyShow/AndroidManifest.xml:37:22-70
37    <uses-permission android:name="android.permission.CALL_PHONE" />
37-->babyshow-android/BabyShow/AndroidManifest.xml:38:5-85
37-->babyshow-android/BabyShow/AndroidManifest.xml:38:22-66
38
39    <!-- 第三方 -->
40    <uses-permission android:name="android.permission.MANAGE_ACCOUNTS" />
40-->babyshow-android/BabyShow/AndroidManifest.xml:41:5-74
40-->babyshow-android/BabyShow/AndroidManifest.xml:41:22-71
41    <uses-permission android:name="android.permission.GET_ACCOUNTS" />
41-->babyshow-android/BabyShow/AndroidManifest.xml:42:5-71
41-->babyshow-android/BabyShow/AndroidManifest.xml:42:22-68
42
43    <!-- 腾讯地图定位 -->
44    <!-- 通过GPS得到精确位置 -->
45    <uses-permission android:name="android.permission.ACCESS_FINE_LOCATION" />
45-->babyshow-android/BabyShow/AndroidManifest.xml:11:5-79
45-->babyshow-android/BabyShow/AndroidManifest.xml:11:22-76
46    <!-- 通过网络得到粗略位置 -->
47    <uses-permission android:name="android.permission.ACCESS_COARSE_LOCATION" />
47-->babyshow-android/BabyShow/AndroidManifest.xml:12:5-81
47-->babyshow-android/BabyShow/AndroidManifest.xml:12:22-78
48    <!-- 访问网络. 某些位置信息需要从网络服务器获取 -->
49    <uses-permission android:name="android.permission.INTERNET" />
49-->babyshow-android/BabyShow/AndroidManifest.xml:7:5-67
49-->babyshow-android/BabyShow/AndroidManifest.xml:7:22-64
50    <!-- 访问WiFi状态. 需要WiFi信息用于网络定位 -->
51    <uses-permission android:name="android.permission.ACCESS_WIFI_STATE" />
51-->babyshow-android/BabyShow/AndroidManifest.xml:21:5-76
51-->babyshow-android/BabyShow/AndroidManifest.xml:21:22-73
52    <!-- 修改WiFi状态. 发起WiFi扫描, 需要WiFi信息用于网络定位 -->
53    <uses-permission android:name="android.permission.CHANGE_WIFI_STATE" />
53-->babyshow-android/BabyShow/AndroidManifest.xml:22:5-76
53-->babyshow-android/BabyShow/AndroidManifest.xml:22:22-73
54    <!-- 访问网络状态, 检测网络的可用性. 需要网络运营商相关信息用于网络定位 -->
55    <uses-permission android:name="android.permission.ACCESS_NETWORK_STATE" />
55-->babyshow-android/BabyShow/AndroidManifest.xml:8:5-79
55-->babyshow-android/BabyShow/AndroidManifest.xml:8:22-76
56    <!-- 访问网络的变化, 需要某些信息用于网络定位 -->
57    <uses-permission android:name="android.permission.CHANGE_NETWORK_STATE" />
57-->babyshow-android/BabyShow/AndroidManifest.xml:58:5-79
57-->babyshow-android/BabyShow/AndroidManifest.xml:58:22-76
58    <!-- 访问手机当前状态, 需要某些信息用于网络定位 -->
59    <uses-permission android:name="android.permission.READ_PHONE_STATE" />
59-->babyshow-android/BabyShow/AndroidManifest.xml:23:5-75
59-->babyshow-android/BabyShow/AndroidManifest.xml:23:22-72
60
61    <!-- 手机注册 -->
62    <uses-permission android:name="android.permission.READ_CONTACTS" />
62-->babyshow-android/BabyShow/AndroidManifest.xml:36:5-72
62-->babyshow-android/BabyShow/AndroidManifest.xml:36:22-69
63    <uses-permission android:name="android.permission.READ_PHONE_STATE" />
63-->babyshow-android/BabyShow/AndroidManifest.xml:23:5-75
63-->babyshow-android/BabyShow/AndroidManifest.xml:23:22-72
64    <uses-permission android:name="android.permission.WRITE_EXTERNAL_STORAGE" />
64-->babyshow-android/BabyShow/AndroidManifest.xml:6:5-81
64-->babyshow-android/BabyShow/AndroidManifest.xml:6:22-78
65    <uses-permission android:name="android.permission.ACCESS_NETWORK_STATE" />
65-->babyshow-android/BabyShow/AndroidManifest.xml:8:5-79
65-->babyshow-android/BabyShow/AndroidManifest.xml:8:22-76
66    <uses-permission android:name="android.permission.ACCESS_WIFI_STATE" />
66-->babyshow-android/BabyShow/AndroidManifest.xml:21:5-76
66-->babyshow-android/BabyShow/AndroidManifest.xml:21:22-73
67    <uses-permission android:name="android.permission.INTERNET" />
67-->babyshow-android/BabyShow/AndroidManifest.xml:7:5-67
67-->babyshow-android/BabyShow/AndroidManifest.xml:7:22-64
68    <uses-permission android:name="android.permission.RECEIVE_SMS" />
68-->babyshow-android/BabyShow/AndroidManifest.xml:69:5-70
68-->babyshow-android/BabyShow/AndroidManifest.xml:69:22-67
69    <uses-permission android:name="android.permission.GET_TASKS" />
69-->babyshow-android/BabyShow/AndroidManifest.xml:32:5-68
69-->babyshow-android/BabyShow/AndroidManifest.xml:32:22-65
70    <uses-permission android:name="android.permission.ACCESS_FINE_LOCATION" />
70-->babyshow-android/BabyShow/AndroidManifest.xml:11:5-79
70-->babyshow-android/BabyShow/AndroidManifest.xml:11:22-76
71
72    <!-- Required -->
73    <permission
73-->babyshow-android/BabyShow/AndroidManifest.xml:74:5-76:47
74        android:name="com.yyqq.babyshow.permission.JPUSH_MESSAGE"
74-->babyshow-android/BabyShow/AndroidManifest.xml:75:9-66
75        android:protectionLevel="signature" />
75-->babyshow-android/BabyShow/AndroidManifest.xml:76:9-44
76
77    <!-- Required  一些系统要求的权限，如访问网络等 -->
78    <uses-permission android:name="com.yyqq.babyshow.permission.JPUSH_MESSAGE" />
78-->babyshow-android/BabyShow/AndroidManifest.xml:79:5-82
78-->babyshow-android/BabyShow/AndroidManifest.xml:79:22-79
79    <uses-permission android:name="android.permission.RECEIVE_USER_PRESENT" />
79-->babyshow-android/BabyShow/AndroidManifest.xml:80:5-79
79-->babyshow-android/BabyShow/AndroidManifest.xml:80:22-76
80    <uses-permission android:name="android.permission.INTERNET" />
80-->babyshow-android/BabyShow/AndroidManifest.xml:7:5-67
80-->babyshow-android/BabyShow/AndroidManifest.xml:7:22-64
81    <uses-permission android:name="android.permission.WAKE_LOCK" />
81-->babyshow-android/BabyShow/AndroidManifest.xml:82:5-68
81-->babyshow-android/BabyShow/AndroidManifest.xml:82:22-65
82    <uses-permission android:name="android.permission.READ_PHONE_STATE" />
82-->babyshow-android/BabyShow/AndroidManifest.xml:23:5-75
82-->babyshow-android/BabyShow/AndroidManifest.xml:23:22-72
83    <uses-permission android:name="android.permission.WRITE_EXTERNAL_STORAGE" />
83-->babyshow-android/BabyShow/AndroidManifest.xml:6:5-81
83-->babyshow-android/BabyShow/AndroidManifest.xml:6:22-78
84    <uses-permission android:name="android.permission.READ_EXTERNAL_STORAGE" />
84-->babyshow-android/BabyShow/AndroidManifest.xml:85:5-80
84-->babyshow-android/BabyShow/AndroidManifest.xml:85:22-77
85    <uses-permission android:name="android.permission.WRITE_SETTINGS" />
85-->babyshow-android/BabyShow/AndroidManifest.xml:86:5-88:47
85-->babyshow-android/BabyShow/AndroidManifest.xml:87:9-57
86    <uses-permission android:name="android.permission.VIBRATE" />
86-->babyshow-android/BabyShow/AndroidManifest.xml:15:5-66
86-->babyshow-android/BabyShow/AndroidManifest.xml:15:22-63
87    <uses-permission android:name="android.permission.MOUNT_UNMOUNT_FILESYSTEMS" />
87-->babyshow-android/BabyShow/AndroidManifest.xml:18:5-20:47
87-->babyshow-android/BabyShow/AndroidManifest.xml:19:9-68
88    <uses-permission android:name="android.permission.ACCESS_NETWORK_STATE" />
88-->babyshow-android/BabyShow/AndroidManifest.xml:8:5-79
88-->babyshow-android/BabyShow/AndroidManifest.xml:8:22-76
89    <uses-permission android:name="android.permission.ACCESS_WIFI_STATE" />
89-->babyshow-android/BabyShow/AndroidManifest.xml:21:5-76
89-->babyshow-android/BabyShow/AndroidManifest.xml:21:22-73
90    <uses-permission android:name="android.permission.SYSTEM_ALERT_WINDOW" />
90-->babyshow-android/BabyShow/AndroidManifest.xml:30:5-78
90-->babyshow-android/BabyShow/AndroidManifest.xml:30:22-75
91
92    <!-- Optional for location -->
93    <uses-permission android:name="android.permission.ACCESS_COARSE_LOCATION" />
93-->babyshow-android/BabyShow/AndroidManifest.xml:12:5-81
93-->babyshow-android/BabyShow/AndroidManifest.xml:12:22-78
94    <uses-permission android:name="android.permission.CHANGE_WIFI_STATE" />
94-->babyshow-android/BabyShow/AndroidManifest.xml:22:5-76
94-->babyshow-android/BabyShow/AndroidManifest.xml:22:22-73
95    <uses-permission android:name="android.permission.ACCESS_FINE_LOCATION" />
95-->babyshow-android/BabyShow/AndroidManifest.xml:11:5-79
95-->babyshow-android/BabyShow/AndroidManifest.xml:11:22-76
96    <uses-permission android:name="android.permission.ACCESS_LOCATION_EXTRA_COMMANDS" />
96-->babyshow-android/BabyShow/AndroidManifest.xml:101:5-89
96-->babyshow-android/BabyShow/AndroidManifest.xml:101:22-86
97    <uses-permission android:name="android.permission.CHANGE_NETWORK_STATE" />
97-->babyshow-android/BabyShow/AndroidManifest.xml:58:5-79
97-->babyshow-android/BabyShow/AndroidManifest.xml:58:22-76
98
99    <!-- 支付宝 -->
100    <uses-permission android:name="android.permission.INTERNET" />
100-->babyshow-android/BabyShow/AndroidManifest.xml:7:5-67
100-->babyshow-android/BabyShow/AndroidManifest.xml:7:22-64
101    <uses-permission android:name="android.permission.ACCESS_NETWORK_STATE" />
101-->babyshow-android/BabyShow/AndroidManifest.xml:8:5-79
101-->babyshow-android/BabyShow/AndroidManifest.xml:8:22-76
102    <uses-permission android:name="android.permission.ACCESS_WIFI_STATE" />
102-->babyshow-android/BabyShow/AndroidManifest.xml:21:5-76
102-->babyshow-android/BabyShow/AndroidManifest.xml:21:22-73
103    <uses-permission android:name="android.permission.READ_PHONE_STATE" />
103-->babyshow-android/BabyShow/AndroidManifest.xml:23:5-75
103-->babyshow-android/BabyShow/AndroidManifest.xml:23:22-72
104    <uses-permission android:name="android.permission.WRITE_EXTERNAL_STORAGE" />
104-->babyshow-android/BabyShow/AndroidManifest.xml:6:5-81
104-->babyshow-android/BabyShow/AndroidManifest.xml:6:22-78
105
106    <application
106-->babyshow-android/BabyShow/AndroidManifest.xml:111:5-818:19
107        android:name="com.yyqq.framework.application.MyApplication"
107-->babyshow-android/BabyShow/AndroidManifest.xml:112:9-68
108        android:allowBackup="true"
108-->babyshow-android/BabyShow/AndroidManifest.xml:113:9-35
109        android:icon="@drawable/icon"
109-->babyshow-android/BabyShow/AndroidManifest.xml:114:9-38
110        android:label="@string/app_name"
110-->babyshow-android/BabyShow/AndroidManifest.xml:115:9-41
111        android:largeHeap="true"
111-->babyshow-android/BabyShow/AndroidManifest.xml:116:9-33
112        android:theme="@style/AppTheme" >
112-->babyshow-android/BabyShow/AndroidManifest.xml:117:9-40
113        <activity
113-->babyshow-android/BabyShow/AndroidManifest.xml:119:9-136:20
114            android:name="com.yyqq.babyshow.WelcomeActivity"
114-->babyshow-android/BabyShow/AndroidManifest.xml:120:13-44
115            android:label="@string/app_name"
115-->babyshow-android/BabyShow/AndroidManifest.xml:121:13-45
116            android:theme="@android:style/Theme.Translucent.NoTitleBar" >
116-->babyshow-android/BabyShow/AndroidManifest.xml:122:13-72
117            <intent-filter>
117-->babyshow-android/BabyShow/AndroidManifest.xml:123:13-127:29
118                <action android:name="android.intent.action.MAIN" />
118-->babyshow-android/BabyShow/AndroidManifest.xml:124:17-69
118-->babyshow-android/BabyShow/AndroidManifest.xml:124:25-66
119
120                <category android:name="android.intent.category.LAUNCHER" />
120-->babyshow-android/BabyShow/AndroidManifest.xml:126:17-77
120-->babyshow-android/BabyShow/AndroidManifest.xml:126:27-74
121            </intent-filter>
122            <intent-filter>
122-->babyshow-android/BabyShow/AndroidManifest.xml:128:13-135:29
123                <action android:name="android.intent.action.VIEW" />
123-->babyshow-android/BabyShow/AndroidManifest.xml:129:17-69
123-->babyshow-android/BabyShow/AndroidManifest.xml:129:25-66
124
125                <category android:name="android.intent.category.DEFAULT" />
125-->babyshow-android/BabyShow/AndroidManifest.xml:131:17-76
125-->babyshow-android/BabyShow/AndroidManifest.xml:131:27-73
126                <category android:name="android.intent.category.BROWSABLE" />
126-->babyshow-android/BabyShow/AndroidManifest.xml:132:17-78
126-->babyshow-android/BabyShow/AndroidManifest.xml:132:27-75
127
128                <data android:scheme="znn" />
128-->babyshow-android/BabyShow/AndroidManifest.xml:134:17-46
128-->babyshow-android/BabyShow/AndroidManifest.xml:134:23-43
129            </intent-filter>
130        </activity>
131        <activity
131-->babyshow-android/BabyShow/AndroidManifest.xml:137:9-140:75
132            android:name="com.yyqq.babyshow.StartActivity"
132-->babyshow-android/BabyShow/AndroidManifest.xml:138:13-42
133            android:label="@string/app_name"
133-->babyshow-android/BabyShow/AndroidManifest.xml:139:13-45
134            android:theme="@android:style/Theme.Translucent.NoTitleBar" />
134-->babyshow-android/BabyShow/AndroidManifest.xml:140:13-72
135
136        <!-- 支持全面屏 -->
137        <meta-data
137-->babyshow-android/BabyShow/AndroidManifest.xml:143:9-145:35
138            android:name="android.max_aspect"
138-->babyshow-android/BabyShow/AndroidManifest.xml:144:13-46
139            android:value="2.1" />
139-->babyshow-android/BabyShow/AndroidManifest.xml:145:13-32
140
141        <!-- 手机注册 -->
142        <meta-data
142-->babyshow-android/BabyShow/AndroidManifest.xml:148:9-150:44
143            android:name="Mob-AppKey"
143-->babyshow-android/BabyShow/AndroidManifest.xml:149:13-38
144            android:value="e429567eaf24" />
144-->babyshow-android/BabyShow/AndroidManifest.xml:150:13-41
145        <meta-data
145-->babyshow-android/BabyShow/AndroidManifest.xml:151:9-153:64
146            android:name="Mob-AppSecret"
146-->babyshow-android/BabyShow/AndroidManifest.xml:152:13-41
147            android:value="9c17c627949764ff03ac1bf2b378891f" />
147-->babyshow-android/BabyShow/AndroidManifest.xml:153:13-61
148        <meta-data
148-->babyshow-android/BabyShow/AndroidManifest.xml:154:9-156:66
149            android:name="UMENG_APPKEY"
149-->babyshow-android/BabyShow/AndroidManifest.xml:155:13-40
150            android:value="52dfb0fe56240b496d00b0be" />
150-->babyshow-android/BabyShow/AndroidManifest.xml:156:13-53
151        <meta-data
151-->babyshow-android/BabyShow/AndroidManifest.xml:157:9-159:43
152            android:name="UMENG_CHANNEL"
152-->babyshow-android/BabyShow/AndroidManifest.xml:158:13-41
153            android:value="tongyong ID" />
153-->babyshow-android/BabyShow/AndroidManifest.xml:159:13-40
154        <!-- tongyong ID -->
155        <!-- 手机注册 -->
156        <activity
156-->babyshow-android/BabyShow/AndroidManifest.xml:162:9-184:20
157            android:name="com.mob.tools.MobUIShell"
157-->babyshow-android/BabyShow/AndroidManifest.xml:163:13-52
158            android:configChanges="keyboardHidden|orientation|screenSize"
158-->babyshow-android/BabyShow/AndroidManifest.xml:164:13-74
159            android:theme="@android:style/Theme.Translucent.NoTitleBar"
159-->babyshow-android/BabyShow/AndroidManifest.xml:165:13-72
160            android:windowSoftInputMode="stateHidden|adjustResize" >
160-->babyshow-android/BabyShow/AndroidManifest.xml:166:13-67
161
162            <!--
163			如果集成QQ分享，或者使用QQ客户端来进行QQ空间的
164			分享，须要在此处添加一个对ACTION_VIEW事件的过滤器，
165			其中的scheme是“tencent”前缀再开发者应用的加上appId。
166			如果此过滤器不设置，则分享结束以后不能得到正确的回调
167            -->
168            <intent-filter>
168-->babyshow-android/BabyShow/AndroidManifest.xml:176:13-183:29
169                <data android:scheme="tencent1101220810" />
169-->babyshow-android/BabyShow/AndroidManifest.xml:134:17-46
169-->babyshow-android/BabyShow/AndroidManifest.xml:134:23-43
170
171                <action android:name="android.intent.action.VIEW" />
171-->babyshow-android/BabyShow/AndroidManifest.xml:129:17-69
171-->babyshow-android/BabyShow/AndroidManifest.xml:129:25-66
172
173                <category android:name="android.intent.category.DEFAULT" />
173-->babyshow-android/BabyShow/AndroidManifest.xml:131:17-76
173-->babyshow-android/BabyShow/AndroidManifest.xml:131:27-73
174                <category android:name="android.intent.category.BROWSABLE" />
174-->babyshow-android/BabyShow/AndroidManifest.xml:132:17-78
174-->babyshow-android/BabyShow/AndroidManifest.xml:132:27-75
175            </intent-filter>
176        </activity>
177
178        <!-- Required SDK核心功能 -->
179        <activity
179-->babyshow-android/BabyShow/AndroidManifest.xml:187:9-198:20
180            android:name="cn.jpush.android.ui.PushActivity"
180-->babyshow-android/BabyShow/AndroidManifest.xml:188:13-60
181            android:configChanges="orientation|keyboardHidden"
181-->babyshow-android/BabyShow/AndroidManifest.xml:189:13-63
182            android:exported="false"
182-->babyshow-android/BabyShow/AndroidManifest.xml:190:13-37
183            android:theme="@android:style/Theme.NoTitleBar" >
183-->babyshow-android/BabyShow/AndroidManifest.xml:191:13-60
184            <intent-filter>
184-->babyshow-android/BabyShow/AndroidManifest.xml:192:13-197:29
185                <action android:name="cn.jpush.android.ui.PushActivity" />
185-->babyshow-android/BabyShow/AndroidManifest.xml:193:17-75
185-->babyshow-android/BabyShow/AndroidManifest.xml:193:25-72
186
187                <category android:name="android.intent.category.DEFAULT" />
187-->babyshow-android/BabyShow/AndroidManifest.xml:131:17-76
187-->babyshow-android/BabyShow/AndroidManifest.xml:131:27-73
188                <category android:name="com.yyqq.babyshow" />
188-->babyshow-android/BabyShow/AndroidManifest.xml:196:17-62
188-->babyshow-android/BabyShow/AndroidManifest.xml:196:27-59
189            </intent-filter>
190        </activity>
191
192        <!--
193             （3.1.0版本之后（包含3.1.0）才需要注册此Activity）如果集成QQ分享，或者使用QQ客户端来进行QQ空间的分享，
194        	须要在此处添加一个回调activity，对ACTION_VIEW事件的过滤器，其中的scheme是“tencent”前缀再开发者应用的加上appId。
195        	如果此Activity和过滤器不设置，则分享结束以后不能得到正确的回调。
196        -->
197        <activity
197-->babyshow-android/BabyShow/AndroidManifest.xml:206:9-218:20
198            android:name="cn.sharesdk.tencent.qq.ReceiveActivity"
198-->babyshow-android/BabyShow/AndroidManifest.xml:207:13-66
199            android:launchMode="singleTask"
199-->babyshow-android/BabyShow/AndroidManifest.xml:208:13-44
200            android:noHistory="true" >
200-->babyshow-android/BabyShow/AndroidManifest.xml:209:13-37
201            <intent-filter>
201-->babyshow-android/BabyShow/AndroidManifest.xml:176:13-183:29
202                <action android:name="android.intent.action.VIEW" />
202-->babyshow-android/BabyShow/AndroidManifest.xml:129:17-69
202-->babyshow-android/BabyShow/AndroidManifest.xml:129:25-66
203
204                <category android:name="android.intent.category.DEFAULT" />
204-->babyshow-android/BabyShow/AndroidManifest.xml:131:17-76
204-->babyshow-android/BabyShow/AndroidManifest.xml:131:27-73
205                <category android:name="android.intent.category.BROWSABLE" />
205-->babyshow-android/BabyShow/AndroidManifest.xml:132:17-78
205-->babyshow-android/BabyShow/AndroidManifest.xml:132:27-75
206
207                <data android:scheme="tencent1101220810" />
207-->babyshow-android/BabyShow/AndroidManifest.xml:134:17-46
207-->babyshow-android/BabyShow/AndroidManifest.xml:134:23-43
208            </intent-filter>
209        </activity>
210
211        <!-- Required  SDK核心功能 -->
212        <service
212-->babyshow-android/BabyShow/AndroidManifest.xml:221:9-224:48
213            android:name="cn.jpush.android.service.DownloadService"
213-->babyshow-android/BabyShow/AndroidManifest.xml:222:13-68
214            android:enabled="true"
214-->babyshow-android/BabyShow/AndroidManifest.xml:223:13-35
215            android:exported="false" />
215-->babyshow-android/BabyShow/AndroidManifest.xml:224:13-37
216        <service
216-->babyshow-android/BabyShow/AndroidManifest.xml:225:9-228:48
217            android:name="cn.jpush.android.service.DaemonService"
217-->babyshow-android/BabyShow/AndroidManifest.xml:226:13-66
218            android:enabled="true"
218-->babyshow-android/BabyShow/AndroidManifest.xml:227:13-35
219            android:exported="false" />
219-->babyshow-android/BabyShow/AndroidManifest.xml:228:13-37
220
221        <!-- Required SDK 核心功能 -->
222        <!-- 可配置android:process参数将PushService放在其他进程中 -->
223        <service
223-->babyshow-android/BabyShow/AndroidManifest.xml:232:9-242:19
224            android:name="cn.jpush.android.service.PushService"
224-->babyshow-android/BabyShow/AndroidManifest.xml:233:13-64
225            android:enabled="true"
225-->babyshow-android/BabyShow/AndroidManifest.xml:234:13-35
226            android:exported="false" >
226-->babyshow-android/BabyShow/AndroidManifest.xml:235:13-37
227            <intent-filter>
227-->babyshow-android/BabyShow/AndroidManifest.xml:236:13-241:29
228                <action android:name="cn.jpush.android.intent.REGISTER" />
228-->babyshow-android/BabyShow/AndroidManifest.xml:237:17-75
228-->babyshow-android/BabyShow/AndroidManifest.xml:237:25-72
229                <action android:name="cn.jpush.android.intent.REPORT" />
229-->babyshow-android/BabyShow/AndroidManifest.xml:238:17-73
229-->babyshow-android/BabyShow/AndroidManifest.xml:238:25-70
230                <action android:name="cn.jpush.android.intent.PushService" />
230-->babyshow-android/BabyShow/AndroidManifest.xml:239:17-78
230-->babyshow-android/BabyShow/AndroidManifest.xml:239:25-75
231                <action android:name="cn.jpush.android.intent.PUSH_TIME" />
231-->babyshow-android/BabyShow/AndroidManifest.xml:240:17-76
231-->babyshow-android/BabyShow/AndroidManifest.xml:240:25-73
232            </intent-filter>
233        </service>
234
235        <!-- Required SDK核心功能 -->
236        <receiver
236-->babyshow-android/BabyShow/AndroidManifest.xml:245:9-265:20
237            android:name="cn.jpush.android.service.PushReceiver"
237-->babyshow-android/BabyShow/AndroidManifest.xml:246:13-65
238            android:enabled="true"
238-->babyshow-android/BabyShow/AndroidManifest.xml:247:13-35
239            android:exported="false" >
239-->babyshow-android/BabyShow/AndroidManifest.xml:248:13-37
240            <intent-filter android:priority="1000" >
240-->babyshow-android/BabyShow/AndroidManifest.xml:249:13-253:29
240-->babyshow-android/BabyShow/AndroidManifest.xml:249:28-51
241                <action android:name="cn.jpush.android.intent.NOTIFICATION_RECEIVED_PROXY" />
241-->babyshow-android/BabyShow/AndroidManifest.xml:250:17-94
241-->babyshow-android/BabyShow/AndroidManifest.xml:250:25-91
242                <!-- Required  显示通知栏 -->
243                <category android:name="com.yyqq.babyshow" />
243-->babyshow-android/BabyShow/AndroidManifest.xml:196:17-62
243-->babyshow-android/BabyShow/AndroidManifest.xml:196:27-59
244            </intent-filter>
245            <intent-filter>
245-->babyshow-android/BabyShow/AndroidManifest.xml:254:13-257:29
246                <action android:name="android.intent.action.USER_PRESENT" />
246-->babyshow-android/BabyShow/AndroidManifest.xml:255:17-77
246-->babyshow-android/BabyShow/AndroidManifest.xml:255:25-74
247                <action android:name="android.net.conn.CONNECTIVITY_CHANGE" />
247-->babyshow-android/BabyShow/AndroidManifest.xml:256:17-79
247-->babyshow-android/BabyShow/AndroidManifest.xml:256:25-76
248            </intent-filter>
249            <!-- Optional -->
250            <intent-filter>
250-->babyshow-android/BabyShow/AndroidManifest.xml:259:13-264:29
251                <action android:name="android.intent.action.PACKAGE_ADDED" />
251-->babyshow-android/BabyShow/AndroidManifest.xml:260:17-78
251-->babyshow-android/BabyShow/AndroidManifest.xml:260:25-75
252                <action android:name="android.intent.action.PACKAGE_REMOVED" />
252-->babyshow-android/BabyShow/AndroidManifest.xml:261:17-80
252-->babyshow-android/BabyShow/AndroidManifest.xml:261:25-77
253
254                <data android:scheme="package" />
254-->babyshow-android/BabyShow/AndroidManifest.xml:134:17-46
254-->babyshow-android/BabyShow/AndroidManifest.xml:134:23-43
255            </intent-filter>
256        </receiver>
257
258        <!-- Required SDK核心功能 -->
259        <receiver
259-->babyshow-android/BabyShow/AndroidManifest.xml:268:9-270:40
260            android:name="cn.jpush.android.service.AlarmReceiver"
260-->babyshow-android/BabyShow/AndroidManifest.xml:269:13-66
261            android:exported="false" />
261-->babyshow-android/BabyShow/AndroidManifest.xml:270:13-37
262
263        <!-- User defined.  For test only  用户自定义的广播接收器 -->
264        <receiver
264-->babyshow-android/BabyShow/AndroidManifest.xml:273:9-293:20
265            android:name="com.yyqq.commen.jpush.MyReceiver"
265-->babyshow-android/BabyShow/AndroidManifest.xml:274:13-60
266            android:enabled="true"
266-->babyshow-android/BabyShow/AndroidManifest.xml:275:13-35
267            android:exported="false" >
267-->babyshow-android/BabyShow/AndroidManifest.xml:276:13-37
268            <intent-filter>
268-->babyshow-android/BabyShow/AndroidManifest.xml:277:13-292:29
269                <action android:name="cn.jpush.android.intent.REGISTRATION" />
269-->babyshow-android/BabyShow/AndroidManifest.xml:278:17-79
269-->babyshow-android/BabyShow/AndroidManifest.xml:278:25-76
270                <!-- Required  用户注册SDK的intent -->
271                <action android:name="cn.jpush.android.intent.UNREGISTRATION" />
271-->babyshow-android/BabyShow/AndroidManifest.xml:280:17-81